2023-02-15 20:51:42.261 [info] Log level: Info
2023-02-15 20:51:42.261 [info] Validating found git in: "git"
2023-02-15 20:51:42.261 [info] Using git "2.39.1" from "git"
2023-02-15 20:51:55.241 [info] Log level: Info
2023-02-15 20:51:55.241 [info] Validating found git in: "git"
2023-02-15 20:51:55.241 [info] Using git "2.39.1" from "git"
2023-02-15 20:51:55.241 [info] > git rev-parse --show-toplevel [3ms]
2023-02-15 20:51:55.241 [info] > git rev-parse --git-dir --git-common-dir [4ms]
2023-02-15 20:51:55.247 [info] Open repository: /home/lamux/projects
2023-02-15 20:51:55.259 [info] > git rev-parse --show-toplevel [5ms]
2023-02-15 20:51:55.265 [info] > git config --get commit.template [5ms]
2023-02-15 20:51:55.266 [info] > git rev-parse --show-toplevel [4ms]
2023-02-15 20:51:55.276 [info] > git rev-parse --show-toplevel [4ms]
2023-02-15 20:51:55.281 [info] > git for-each-ref --format=%(refname)%00%(upstream:short)%00%(objectname)%00%(upstream:track)%00%(upstream:remotename)%00%(upstream:remoteref) refs/heads/master refs/remotes/master [5ms]
2023-02-15 20:51:55.291 [info] > git status -z -uall [6ms]
2023-02-15 20:51:55.291 [info] > git rev-parse --show-toplevel [11ms]
2023-02-15 20:51:55.295 [info] > git for-each-ref --sort -committerdate --format %(refname) %(objectname) %(*objectname) [5ms]
2023-02-15 20:51:55.304 [info] > git rev-parse --show-toplevel [9ms]
2023-02-15 20:51:55.305 [info] > git config --get commit.template [1ms]
2023-02-15 20:51:55.312 [info] > git for-each-ref --format=%(refname)%00%(upstream:short)%00%(objectname)%00%(upstream:track)%00%(upstream:remotename)%00%(upstream:remoteref) refs/heads/master refs/remotes/master [2ms]
2023-02-15 20:51:55.319 [info] > git status -z -uall [4ms]
2023-02-15 20:51:55.319 [info] > git for-each-ref --sort -committerdate --format %(refname) %(objectname) %(*objectname) [1ms]
2023-02-15 20:51:55.771 [info] > git check-ignore -v -z --stdin [1ms]
2023-02-15 20:51:57.497 [info] > git check-ignore -v -z --stdin [0ms]
2023-02-15 20:51:58.866 [info] > git show --textconv :curso-git/guia.md [7ms]
2023-02-15 20:51:58.868 [info] > git ls-files --stage -- /home/lamux/projects/curso-git/guia.md [3ms]
2023-02-15 20:51:58.875 [info] > git cat-file -s 13e75d8a2f98a5423ef371d282bb2dce1b240ad1 [2ms]
